# JRE version: OpenJDK Runtime Environment (11.0.5+10) (build 11.0.5+10-b520.38)
# Java VM: OpenJDK 64-Bit Server VM (11.0.5+10-b520.38, mixed mode, sharing, tiered, compressed oops, g1 gc, windows-amd64)
Heap:
 garbage-first heap   total 89088K, used 22659K [0x00000000c1c00000, 0x0000000100000000)
  region size 1024K, 4 young (4096K), 4 survivors (4096K)
 Metaspace       used 48839K, capacity 50408K, committed 50480K, reserved 1101824K
  class space    used 6636K, capacity 7275K, committed 7296K, reserved 1048576K
GC Heap History (20 events):
Event: 10.764 GC heap before
{Heap before GC invocations=5 (full 0):
 garbage-first heap   total 65536K, used 43384K [0x00000000c1c00000, 0x0000000100000000)
  region size 1024K, 37 young (37888K), 4 survivors (4096K)
 Metaspace       used 18047K, capacity 18848K, committed 18944K, reserved 1064960K
  class space    used 2464K, capacity 2780K, committed 2816K, reserved 1048576K
}
Event: 10.777 GC heap after
{Heap after GC invocations=6 (full 0):
 garbage-first heap   total 65536K, used 10929K [0x00000000c1c00000, 0x0000000100000000)
  region size 1024K, 3 young (3072K), 3 survivors (3072K)
 Metaspace       used 18047K, capacity 18848K, committed 18944K, reserved 1064960K
  class space    used 2464K, capacity 2780K, committed 2816K, reserved 1048576K
}
Event: 12.770 GC heap before
{Heap before GC invocations=6 (full 0):
 garbage-first heap   total 65536K, used 44721K [0x00000000c1c00000, 0x0000000100000000)
  region size 1024K, 37 young (37888K), 3 survivors (3072K)
 Metaspace       used 19832K, capacity 20719K, committed 20736K, reserved 1067008K
  class space    used 2698K, capacity 3056K, committed 3072K, reserved 1048576K
}
Event: 12.784 GC heap after
{Heap after GC invocations=7 (full 0):
 garbage-first heap   total 65536K, used 11801K [0x00000000c1c00000, 0x0000000100000000)
  region size 1024K, 4 young (4096K), 4 survivors (4096K)
 Metaspace       used 19832K, capacity 20719K, committed 20736K, reserved 1067008K
  class space    used 2698K, capacity 3056K, committed 3072K, reserved 1048576K
}
Event: 13.127 GC heap before
{Heap before GC invocations=7 (full 0):
 garbage-first heap   total 65536K, used 14873K [0x00000000c1c00000, 0x0000000100000000)
  region size 1024K, 8 young (8192K), 4 survivors (4096K)
 Metaspace       used 20273K, capacity 21098K, committed 21296K, reserved 1067008K
  class space    used 2760K, capacity 3096K, committed 3200K, reserved 1048576K
}
Event: 13.146 GC heap after
{Heap after GC invocations=8 (full 0):
 garbage-first heap   total 65536K, used 12210K [0x00000000c1c00000, 0x0000000100000000)
  region size 1024K, 3 young (3072K), 3 survivors (3072K)
 Metaspace       used 20273K, capacity 21098K, committed 21296K, reserved 1067008K
  class space    used 2760K, capacity 3096K, committed 3200K, reserved 1048576K
}
Event: 15.830 GC heap before
{Heap before GC invocations=9 (full 0):
 garbage-first heap   total 65536K, used 44978K [0x00000000c1c00000, 0x0000000100000000)
  region size 1024K, 35 young (35840K), 3 survivors (3072K)
 Metaspace       used 24063K, capacity 25107K, committed 25264K, reserved 1071104K
  class space    used 3307K, capacity 3721K, committed 3840K, reserved 1048576K
}
Event: 15.858 GC heap after
{Heap after GC invocations=10 (full 0):
 garbage-first heap   total 65536K, used 13849K [0x00000000c1c00000, 0x0000000100000000)
  region size 1024K, 5 young (5120K), 5 survivors (5120K)
 Metaspace       used 24063K, capacity 25107K, committed 25264K, reserved 1071104K
  class space    used 3307K, capacity 3721K, committed 3840K, reserved 1048576K
}
Event: 16.937 GC heap before
{Heap before GC invocations=10 (full 0):
 garbage-first heap   total 65536K, used 45593K [0x00000000c1c00000, 0x0000000100000000)
  region size 1024K, 37 young (37888K), 5 survivors (5120K)
 Metaspace       used 26133K, capacity 27328K, committed 27568K, reserved 1073152K
  class space    used 3555K, capacity 4035K, committed 4096K, reserved 1048576K
}
Event: 16.967 GC heap after
{Heap after GC invocations=11 (full 0):
 garbage-first heap   total 89088K, used 15313K [0x00000000c1c00000, 0x0000000100000000)
  region size 1024K, 4 young (4096K), 4 survivors (4096K)
 Metaspace       used 26133K, capacity 27328K, committed 27568K, reserved 1073152K
  class space    used 3555K, capacity 4035K, committed 4096K, reserved 1048576K
}
Event: 18.195 GC heap before
{Heap before GC invocations=11 (full 0):
 garbage-first heap   total 89088K, used 58321K [0x00000000c1c00000, 0x0000000100000000)
  region size 1024K, 47 young (48128K), 4 survivors (4096K)
 Metaspace       used 29620K, capacity 30806K, committed 31024K, reserved 1075200K
  class space    used 3882K, capacity 4358K, committed 4480K, reserved 1048576K
}
Event: 18.221 GC heap after
{Heap after GC invocations=12 (full 0):
 garbage-first heap   total 89088K, used 16546K [0x00000000c1c00000, 0x0000000100000000)
  region size 1024K, 3 young (3072K), 3 survivors (3072K)
 Metaspace       used 29620K, capacity 30806K, committed 31024K, reserved 1075200K
  class space    used 3882K, capacity 4358K, committed 4480K, reserved 1048576K
}
Event: 20.235 GC heap before
{Heap before GC invocations=12 (full 0):
 garbage-first heap   total 89088K, used 43170K [0x00000000c1c00000, 0x0000000100000000)
  region size 1024K, 31 young (31744K), 3 survivors (3072K)
 Metaspace       used 34613K, capacity 35823K, committed 35888K, reserved 1079296K
  class space    used 4701K, capacity 5219K, committed 5248K, reserved 1048576K
}
Event: 20.247 GC heap after
{Heap after GC invocations=13 (full 0):
 garbage-first heap   total 89088K, used 17558K [0x00000000c1c00000, 0x0000000100000000)
  region size 1024K, 4 young (4096K), 4 survivors (4096K)
 Metaspace       used 34613K, capacity 35823K, committed 35888K, reserved 1079296K
  class space    used 4701K, capacity 5219K, committed 5248K, reserved 1048576K
}
Event: 23.017 GC heap before
{Heap before GC invocations=14 (full 0):
 garbage-first heap   total 89088K, used 61590K [0x00000000c1c00000, 0x0000000100000000)
  region size 1024K, 47 young (48128K), 4 survivors (4096K)
 Metaspace       used 42316K, capacity 43584K, committed 43952K, reserved 1087488K
  class space    used 5780K, capacity 6285K, committed 6400K, reserved 1048576K
}
Event: 23.034 GC heap after
{Heap after GC invocations=15 (full 0):
 garbage-first heap   total 89088K, used 19261K [0x00000000c1c00000, 0x0000000100000000)
  region size 1024K, 5 young (5120K), 5 survivors (5120K)
 Metaspace       used 42316K, capacity 43584K, committed 43952K, reserved 1087488K
  class space    used 5780K, capacity 6285K, committed 6400K, reserved 1048576K
}
Event: 25.723 GC heap before
{Heap before GC invocations=15 (full 0):
 garbage-first heap   total 89088K, used 64317K [0x00000000c1c00000, 0x0000000100000000)
  region size 1024K, 49 young (50176K), 5 survivors (5120K)
 Metaspace       used 48190K, capacity 49786K, committed 49968K, reserved 1093632K
  class space    used 6552K, capacity 7195K, committed 7296K, reserved 1048576K
}
Event: 25.746 GC heap after
{Heap after GC invocations=16 (full 0):
 garbage-first heap   total 89088K, used 21964K [0x00000000c1c00000, 0x0000000100000000)
  region size 1024K, 6 young (6144K), 6 survivors (6144K)
 Metaspace       used 48190K, capacity 49786K, committed 49968K, reserved 1093632K
  class space    used 6552K, capacity 7195K, committed 7296K, reserved 1048576K
}
Event: 26.159 GC heap before
{Heap before GC invocations=16 (full 0):
 garbage-first heap   total 89088K, used 29132K [0x00000000c1c00000, 0x0000000100000000)
  region size 1024K, 14 young (14336K), 6 survivors (6144K)
 Metaspace       used 48839K, capacity 50408K, committed 50480K, reserved 1099776K
  class space    used 6636K, capacity 7275K, committed 7296K, reserved 1048576K
}
Event: 26.179 GC heap after
{Heap after GC invocations=17 (full 0):
 garbage-first heap   total 89088K, used 22659K [0x00000000c1c00000, 0x0000000100000000)
  region size 1024K, 4 young (4096K), 4 survivors (4096K)
 Metaspace       used 48839K, capacity 50408K, committed 50480K, reserved 1099776K
  class space    used 6636K, capacity 7275K, committed 7296K, reserved 1048576K
}

